2025-11-28 10:49:06,340-INFO-mysql database connectiuon is being established..
2025-11-28 10:49:06,385-INFO-mysql database connectiuon has been established.
2025-11-28 10:49:06,386-INFO-Test case 'test_DE_from_sales_data_between_source_and_staging' execution has started...
2025-11-28 10:49:06,386-INFO-Sales file from Linux server doenload started...
2025-11-28 10:49:06,433-INFO-Connected (version 2.0, client OpenSSH_8.7)
2025-11-28 10:49:06,622-INFO-Authentication (password) successful!
2025-11-28 10:49:07,494-INFO-[chan 0] Opened sftp connection (server version 3)
2025-11-28 10:49:07,514-INFO-[chan 0] sftp session closed.
2025-11-28 10:49:07,515-INFO-Sales file from Linux server doenload completed...
2025-11-28 10:49:07,547-INFO-Expected data in the file is     sales_id  product_id  store_id  quantity  price   sale_date region
0          1         101         1        10   15.0  2024-09-01   High
1          2         102         1         5   25.0  2024-09-01    Low
2          3         103         2         7   20.0  2024-09-02   High
3          4         104         2         3   30.0  2024-09-03    Low
4          5         105         1        12   12.0  2024-09-05   High
5          6         106         3         8   18.0  2024-09-06    Low
6          7         107         1         4   22.0  2024-09-07   High
7          8         108         2         6   24.0  2024-09-08    Low
8          9         109         3        11   19.0  2024-09-09   High
9         10         110         4         9   17.0  2024-09-10    Low
10        11         101         4        15   14.0  2024-09-11   High
11        12         102         5         9   27.0  2024-09-12    Low
12        13         103         6        10   22.0  2024-09-13   High
13        14         104         7         8   31.0  2024-09-14    Low
14        15         105         4        12   11.0  2024-09-15   High
15        16         106         5         5   23.0  2024-09-16    Low
16        17         107         6         3   26.0  2024-09-17   High
17        18         108         7         6   28.0  2024-09-18    Low
18        19         109         8        11   20.0  2024-09-19   High
19        20         110         9         9   19.5  2024-09-20    Low
20        21         101         1        14   15.5  2024-09-21   High
21        22         102         2         8   22.0  2024-09-22    Low
22        23         103         3         7   18.0  2024-09-23   High
23        24         104         4         6   25.0  2024-09-24    Low
24        25         105         2        12   13.5  2024-09-25   High
25        26         106         3         5   21.0  2024-09-26    Low
26        27         107         1        10   19.0  2024-09-27   High
27        28         108         5         6   27.0  2024-09-28    Low
28        29         109         6         9   24.0  2024-09-29   High
29        30         110         7         7   23.5  2024-09-30    Low
30        31         101         4        13   14.5  2024-10-01   High
31        32         102         5         6   29.0  2024-10-02    Low
32        33         103         6         8   21.0  2024-10-03   High
33        34         104         7         5   30.0  2024-10-04    Low
34        35         105         4         7   15.0  2024-10-05   High
35        36         106         5         3   25.0  2024-10-06    Low
36        37         107         6        12   18.0  2024-10-07   High
37        38         108         7         9   20.0  2024-10-08    Low
38        39         109         8        10   22.0  2024-10-09   High
39        40         110         9         6   26.0  2024-10-10    Low
40        41         101         3         5   15.0  2024-10-11   High
41        42         102         4         4   20.0  2024-10-12    Low
42        43         103         5         9   19.0  2024-10-13   High
43        44         104         6         7   28.0  2024-10-14    Low
44        45         105         7        10   25.0  2024-10-15   High
45        46         106         8         8   22.5  2024-10-16    Low
46        47         107         9         6   24.0  2024-10-17   High
47        48         108         1         3   27.0  2024-10-18    Low
48        49         109         2        11   18.5  2024-10-19   High
49        50         110         3        12   21.0  2024-10-20    Low
50        51         101         1        10   15.0  2024-08-01   High
51        52         101         1         5   25.0  2024-08-01    Low
52        53         101         2         7   20.0  2023-09-02   High
53        54         101         2         3   30.0  2023-09-03    Low
54        55         105         1        12   12.0  2024-09-05   High
55        56         106         3         8   18.0  2024-09-06    Low
56        57         107         1         4   22.0  2024-09-07   High
57        58         108         2         6   24.0  2024-09-08    Low
58        59         109         3        11   19.0  2024-09-09   High
59        60         110         4         9   17.0  2024-09-10    Low
2025-11-28 10:49:07,580-INFO-Actual data in the file is     sales_id  product_id  store_id  quantity  price   sale_date region
0          1         101         1        10   15.0  2024-09-01   High
1          2         102         1         5   25.0  2024-09-01    Low
2          3         103         2         7   20.0  2024-09-02   High
3          4         104         2         3   30.0  2024-09-03    Low
4          5         105         1        12   12.0  2024-09-05   High
5          6         106         3         8   18.0  2024-09-06    Low
6          7         107         1         4   22.0  2024-09-07   High
7          8         108         2         6   24.0  2024-09-08    Low
8          9         109         3        11   19.0  2024-09-09   High
9         10         110         4         9   17.0  2024-09-10    Low
10        11         101         4        15   14.0  2024-09-11   High
11        12         102         5         9   27.0  2024-09-12    Low
12        13         103         6        10   22.0  2024-09-13   High
13        14         104         7         8   31.0  2024-09-14    Low
14        15         105         4        12   11.0  2024-09-15   High
15        16         106         5         5   23.0  2024-09-16    Low
16        17         107         6         3   26.0  2024-09-17   High
17        18         108         7         6   28.0  2024-09-18    Low
18        19         109         8        11   20.0  2024-09-19   High
19        20         110         9         9   19.5  2024-09-20    Low
20        21         101         1        14   15.5  2024-09-21   High
21        22         102         2         8   22.0  2024-09-22    Low
22        23         103         3         7   18.0  2024-09-23   High
23        24         104         4         6   25.0  2024-09-24    Low
24        25         105         2        12   13.5  2024-09-25   High
25        26         106         3         5   21.0  2024-09-26    Low
26        27         107         1        10   19.0  2024-09-27   High
27        28         108         5         6   27.0  2024-09-28    Low
28        29         109         6         9   24.0  2024-09-29   High
29        30         110         7         7   23.5  2024-09-30    Low
30        31         101         4        13   14.5  2024-10-01   High
31        32         102         5         6   29.0  2024-10-02    Low
32        33         103         6         8   21.0  2024-10-03   High
33        34         104         7         5   30.0  2024-10-04    Low
34        35         105         4         7   15.0  2024-10-05   High
35        36         106         5         3   25.0  2024-10-06    Low
36        37         107         6        12   18.0  2024-10-07   High
37        38         108         7         9   20.0  2024-10-08    Low
38        39         109         8        10   22.0  2024-10-09   High
39        40         110         9         6   26.0  2024-10-10    Low
40        41         101         3         5   15.0  2024-10-11   High
41        42         102         4         4   20.0  2024-10-12    Low
42        43         103         5         9   19.0  2024-10-13   High
43        44         104         6         7   28.0  2024-10-14    Low
44        45         105         7        10   25.0  2024-10-15   High
45        46         106         8         8   22.5  2024-10-16    Low
46        47         107         9         6   24.0  2024-10-17   High
47        48         108         1         3   27.0  2024-10-18    Low
48        49         109         2        11   18.5  2024-10-19   High
49        50         110         3        12   21.0  2024-10-20    Low
50        51         101         1        10   15.0  2024-08-01   High
51        52         101         1         5   25.0  2024-08-01    Low
52        53         101         2         7   20.0  2023-09-02   High
53        54         101         2         3   30.0  2023-09-03    Low
54        55         105         1        12   12.0  2024-09-05   High
55        56         106         3         8   18.0  2024-09-06    Low
56        57         107         1         4   22.0  2024-09-07   High
57        58         108         2         6   24.0  2024-09-08    Low
58        59         109         3        11   19.0  2024-09-09   High
59        60         110         4         9   17.0  2024-09-10    Low
2025-11-28 10:49:07,588-INFO-Test case 'test_DE_from_sales_data_between_source_and_staging' execution has completed...
2025-11-28 10:49:07,595-INFO-mysql database connection has been closed.
2025-11-28 10:49:07,598-INFO-mysql database connectiuon is being established..
2025-11-28 10:49:07,616-INFO-mysql database connectiuon has been established.
2025-11-28 10:49:07,617-INFO-Test case execution for monthly sales summary load has started...
2025-11-28 10:49:07,629-INFO-Expected data in the file is     product_id  total_sales  year  month
0          101        427.0  2024      9
1          101        263.5  2024     10
2          102        419.0  2024      9
3          102        254.0  2024     10
4          103        346.0  2024      9
5          103        339.0  2024     10
6          104        398.0  2024      9
7          104        346.0  2024     10
8          105        294.0  2024      9
9          105        355.0  2024     10
10         106        220.0  2024      9
11         106        255.0  2024     10
12         107        268.0  2024      9
13         107        360.0  2024     10
14         108        330.0  2024      9
15         108        261.0  2024     10
16         109        436.0  2024      9
17         109        423.5  2024     10
18         110        646.0  2024      9
19         110        408.0  2024     10
2025-11-28 10:49:07,638-INFO-Actual data in the file is     product_id  total_sales  year  month
0          101        427.0  2024      9
1          101        263.5  2024     10
2          102        419.0  2024      9
3          102        254.0  2024     10
4          103        346.0  2024      9
5          103        339.0  2024     10
6          104        398.0  2024      9
7          104        346.0  2024     10
8          105        294.0  2024      9
9          105        355.0  2024     10
10         106        220.0  2024      9
11         106        255.0  2024     10
12         107        268.0  2024      9
13         107        360.0  2024     10
14         108        330.0  2024      9
15         108        261.0  2024     10
16         109        436.0  2024      9
17         109        423.5  2024     10
18         110        646.0  2024      9
19         110        408.0  2024     10
2025-11-28 10:49:07,638-INFO-Test case execution for monthly sales summary load has completed...
2025-11-28 10:49:07,645-INFO-mysql database connection has been closed.
2025-11-28 10:49:07,648-INFO-Duplicate check for sales_data has started...
2025-11-28 10:49:07,665-INFO-Duplicate check for sales_data has completed ...
2025-11-28 10:49:07,674-INFO-Null check for sales_data has started...
2025-11-28 10:49:07,678-INFO-is there a null in the file: True
2025-11-28 10:49:07,678-INFO-Null check for sales_data has completed...
2025-11-28 10:49:07,680-INFO-file availability check for sales_data has started...
2025-11-28 10:49:07,681-INFO-file availability check for sales_data has completed...
2025-11-28 10:49:07,683-INFO-mysql database connectiuon is being established..
2025-11-28 10:49:07,700-INFO-mysql database connectiuon has been established.
2025-11-28 10:49:07,727-INFO-the actual table is are : ['fact_inventory', 'fact_sales', 'intermediate_aggregated_inventory_level', 'intermediate_filtered_sales', 'intermediate_high_sales', 'intermediate_low_sales', 'intermediate_monthly_sales_summary_source', 'intermediate_sales_with_details', 'inventory_levels_by_store', 'monthly_sales_summary', 'staging_inventory', 'staging_product', 'staging_sales', 'staging_stores', 'staging_supplier']
2025-11-28 10:49:07,730-INFO-mysql database connection has been closed.
2025-11-28 10:49:07,734-INFO-mysql database connectiuon is being established..
2025-11-28 10:49:07,754-INFO-mysql database connectiuon has been established.
2025-11-28 10:49:07,755-INFO-Test case execution for filter transformation has started...
2025-11-28 10:49:07,798-INFO-Expected data in the file is     sales_id  product_id  store_id  quantity  price   sale_date region
0         10         110         4         9   17.0  2024-09-10    Low
1         11         101         4        15   14.0  2024-09-11   High
2         12         102         5         9   27.0  2024-09-12    Low
3         13         103         6        10   22.0  2024-09-13   High
4         14         104         7         8   31.0  2024-09-14    Low
5         15         105         4        12   11.0  2024-09-15   High
6         16         106         5         5   23.0  2024-09-16    Low
7         17         107         6         3   26.0  2024-09-17   High
8         18         108         7         6   28.0  2024-09-18    Low
9         19         109         8        11   20.0  2024-09-19   High
10        20         110         9         9   19.5  2024-09-20    Low
11        21         101         1        14   15.5  2024-09-21   High
12        22         102         2         8   22.0  2024-09-22    Low
13        23         103         3         7   18.0  2024-09-23   High
14        24         104         4         6   25.0  2024-09-24    Low
15        25         105         2        12   13.5  2024-09-25   High
16        26         106         3         5   21.0  2024-09-26    Low
17        27         107         1        10   19.0  2024-09-27   High
18        28         108         5         6   27.0  2024-09-28    Low
19        29         109         6         9   24.0  2024-09-29   High
20        30         110         7         7   23.5  2024-09-30    Low
21        31         101         4        13   14.5  2024-10-01   High
22        32         102         5         6   29.0  2024-10-02    Low
23        33         103         6         8   21.0  2024-10-03   High
24        34         104         7         5   30.0  2024-10-04    Low
25        35         105         4         7   15.0  2024-10-05   High
26        36         106         5         3   25.0  2024-10-06    Low
27        37         107         6        12   18.0  2024-10-07   High
28        38         108         7         9   20.0  2024-10-08    Low
29        39         109         8        10   22.0  2024-10-09   High
30        40         110         9         6   26.0  2024-10-10    Low
31        41         101         3         5   15.0  2024-10-11   High
32        42         102         4         4   20.0  2024-10-12    Low
33        43         103         5         9   19.0  2024-10-13   High
34        44         104         6         7   28.0  2024-10-14    Low
35        45         105         7        10   25.0  2024-10-15   High
36        46         106         8         8   22.5  2024-10-16    Low
37        47         107         9         6   24.0  2024-10-17   High
38        48         108         1         3   27.0  2024-10-18    Low
39        49         109         2        11   18.5  2024-10-19   High
40        50         110         3        12   21.0  2024-10-20    Low
41        60         110         4         9   17.0  2024-09-10    Low
2025-11-28 10:49:07,816-INFO-Actual data in the file is     sales_id  product_id  store_id  quantity  price   sale_date region
0         10         110         4         9   17.0  2024-09-10    Low
1         11         101         4        15   14.0  2024-09-11   High
2         12         102         5         9   27.0  2024-09-12    Low
3         13         103         6        10   22.0  2024-09-13   High
4         14         104         7         8   31.0  2024-09-14    Low
5         15         105         4        12   11.0  2024-09-15   High
6         16         106         5         5   23.0  2024-09-16    Low
7         17         107         6         3   26.0  2024-09-17   High
8         18         108         7         6   28.0  2024-09-18    Low
9         19         109         8        11   20.0  2024-09-19   High
10        20         110         9         9   19.5  2024-09-20    Low
11        21         101         1        14   15.5  2024-09-21   High
12        22         102         2         8   22.0  2024-09-22    Low
13        23         103         3         7   18.0  2024-09-23   High
14        24         104         4         6   25.0  2024-09-24    Low
15        25         105         2        12   13.5  2024-09-25   High
16        26         106         3         5   21.0  2024-09-26    Low
17        27         107         1        10   19.0  2024-09-27   High
18        28         108         5         6   27.0  2024-09-28    Low
19        29         109         6         9   24.0  2024-09-29   High
20        30         110         7         7   23.5  2024-09-30    Low
21        31         101         4        13   14.5  2024-10-01   High
22        32         102         5         6   29.0  2024-10-02    Low
23        33         103         6         8   21.0  2024-10-03   High
24        34         104         7         5   30.0  2024-10-04    Low
25        35         105         4         7   15.0  2024-10-05   High
26        36         106         5         3   25.0  2024-10-06    Low
27        37         107         6        12   18.0  2024-10-07   High
28        38         108         7         9   20.0  2024-10-08    Low
29        39         109         8        10   22.0  2024-10-09   High
30        40         110         9         6   26.0  2024-10-10    Low
31        41         101         3         5   15.0  2024-10-11   High
32        42         102         4         4   20.0  2024-10-12    Low
33        43         103         5         9   19.0  2024-10-13   High
34        44         104         6         7   28.0  2024-10-14    Low
35        45         105         7        10   25.0  2024-10-15   High
36        46         106         8         8   22.5  2024-10-16    Low
37        47         107         9         6   24.0  2024-10-17   High
38        48         108         1         3   27.0  2024-10-18    Low
39        49         109         2        11   18.5  2024-10-19   High
40        50         110         3        12   21.0  2024-10-20    Low
41        60         110         4         9   17.0  2024-09-10    Low
2025-11-28 10:49:07,816-INFO-Test case execution for filter transformation has completed...
2025-11-28 10:49:07,819-INFO-Test case execution for Router_High_Region transformation has started...
2025-11-28 10:49:07,829-INFO-Expected data in the file is     sales_id  product_id  store_id  quantity  price   sale_date region
0         11         101         4        15   14.0  2024-09-11   High
1         13         103         6        10   22.0  2024-09-13   High
2         15         105         4        12   11.0  2024-09-15   High
3         17         107         6         3   26.0  2024-09-17   High
4         19         109         8        11   20.0  2024-09-19   High
5         21         101         1        14   15.5  2024-09-21   High
6         23         103         3         7   18.0  2024-09-23   High
7         25         105         2        12   13.5  2024-09-25   High
8         27         107         1        10   19.0  2024-09-27   High
9         29         109         6         9   24.0  2024-09-29   High
10        31         101         4        13   14.5  2024-10-01   High
11        33         103         6         8   21.0  2024-10-03   High
12        35         105         4         7   15.0  2024-10-05   High
13        37         107         6        12   18.0  2024-10-07   High
14        39         109         8        10   22.0  2024-10-09   High
15        41         101         3         5   15.0  2024-10-11   High
16        43         103         5         9   19.0  2024-10-13   High
17        45         105         7        10   25.0  2024-10-15   High
18        47         107         9         6   24.0  2024-10-17   High
19        49         109         2        11   18.5  2024-10-19   High
2025-11-28 10:49:07,842-INFO-Actual data in the file is     sales_id  product_id  store_id  quantity  price   sale_date region
0         11         101         4        15   14.0  2024-09-11   High
1         13         103         6        10   22.0  2024-09-13   High
2         15         105         4        12   11.0  2024-09-15   High
3         17         107         6         3   26.0  2024-09-17   High
4         19         109         8        11   20.0  2024-09-19   High
5         21         101         1        14   15.5  2024-09-21   High
6         23         103         3         7   18.0  2024-09-23   High
7         25         105         2        12   13.5  2024-09-25   High
8         27         107         1        10   19.0  2024-09-27   High
9         29         109         6         9   24.0  2024-09-29   High
10        31         101         4        13   14.5  2024-10-01   High
11        33         103         6         8   21.0  2024-10-03   High
12        35         105         4         7   15.0  2024-10-05   High
13        37         107         6        12   18.0  2024-10-07   High
14        39         109         8        10   22.0  2024-10-09   High
15        41         101         3         5   15.0  2024-10-11   High
16        43         103         5         9   19.0  2024-10-13   High
17        45         105         7        10   25.0  2024-10-15   High
18        47         107         9         6   24.0  2024-10-17   High
19        49         109         2        11   18.5  2024-10-19   High
2025-11-28 10:49:07,843-INFO-Test case execution for Router_High_Region transformation has completed...
2025-11-28 10:49:07,846-INFO-Test case execution for Router_Low_Region transformation has started...
2025-11-28 10:49:07,860-INFO-Expected data in the file is     sales_id  product_id  store_id  quantity  price   sale_date region
0         10         110         4         9   17.0  2024-09-10    Low
1         12         102         5         9   27.0  2024-09-12    Low
2         14         104         7         8   31.0  2024-09-14    Low
3         16         106         5         5   23.0  2024-09-16    Low
4         18         108         7         6   28.0  2024-09-18    Low
5         20         110         9         9   19.5  2024-09-20    Low
6         22         102         2         8   22.0  2024-09-22    Low
7         24         104         4         6   25.0  2024-09-24    Low
8         26         106         3         5   21.0  2024-09-26    Low
9         28         108         5         6   27.0  2024-09-28    Low
10        30         110         7         7   23.5  2024-09-30    Low
11        32         102         5         6   29.0  2024-10-02    Low
12        34         104         7         5   30.0  2024-10-04    Low
13        36         106         5         3   25.0  2024-10-06    Low
14        38         108         7         9   20.0  2024-10-08    Low
15        40         110         9         6   26.0  2024-10-10    Low
16        42         102         4         4   20.0  2024-10-12    Low
17        44         104         6         7   28.0  2024-10-14    Low
18        46         106         8         8   22.5  2024-10-16    Low
19        48         108         1         3   27.0  2024-10-18    Low
20        50         110         3        12   21.0  2024-10-20    Low
21        60         110         4         9   17.0  2024-09-10    Low
2025-11-28 10:49:07,871-INFO-Actual data in the file is     sales_id  product_id  store_id  quantity  price   sale_date region
0         10         110         4         9   17.0  2024-09-10    Low
1         12         102         5         9   27.0  2024-09-12    Low
2         14         104         7         8   31.0  2024-09-14    Low
3         16         106         5         5   23.0  2024-09-16    Low
4         18         108         7         6   28.0  2024-09-18    Low
5         20         110         9         9   19.5  2024-09-20    Low
6         22         102         2         8   22.0  2024-09-22    Low
7         24         104         4         6   25.0  2024-09-24    Low
8         26         106         3         5   21.0  2024-09-26    Low
9         28         108         5         6   27.0  2024-09-28    Low
10        30         110         7         7   23.5  2024-09-30    Low
11        32         102         5         6   29.0  2024-10-02    Low
12        34         104         7         5   30.0  2024-10-04    Low
13        36         106         5         3   25.0  2024-10-06    Low
14        38         108         7         9   20.0  2024-10-08    Low
15        40         110         9         6   26.0  2024-10-10    Low
16        42         102         4         4   20.0  2024-10-12    Low
17        44         104         6         7   28.0  2024-10-14    Low
18        46         106         8         8   22.5  2024-10-16    Low
19        48         108         1         3   27.0  2024-10-18    Low
20        50         110         3        12   21.0  2024-10-20    Low
21        60         110         4         9   17.0  2024-09-10    Low
2025-11-28 10:49:07,872-INFO-Test case execution for Router_Low_Region transformation has completed...
2025-11-28 10:49:07,873-INFO-mysql database connection has been closed.
